<?xml version="1.0" encoding="UTF-8"?>
<testng-results ignored="0" total="1" passed="1" failed="0" skipped="0">
  <reporter-output>
  </reporter-output>
  <suite started-at="2023-02-27T17:45:21 IST" name="Suite" finished-at="2023-02-27T17:45:25 IST" duration-ms="4019">
    <groups>
    </groups>
    <test started-at="2023-02-27T17:45:21 IST" name="Test" finished-at="2023-02-27T17:45:25 IST" duration-ms="4019">
      <class name="TestCasesPackage.HomePage">
        <test-method is-config="true" signature="intilizeBrowser()[pri:0, instance:TestCasesPackage.HomePage@59fd97a8]" started-at="2023-02-27T17:45:21 IST" name="intilizeBrowser" finished-at="2023-02-27T17:45:23 IST" duration-ms="1966" status="PASS">
          <reporter-output>
          </reporter-output>
        </test-method> <!-- intilizeBrowser -->
        <test-method signature="getLoginPage(java.lang.String,java.lang.String)[pri:0, instance:TestCasesPackage.HomePage@59fd97a8]" started-at="2023-02-27T17:45:23 IST" name="getLoginPage" data-provider="getData" finished-at="2023-02-27T17:45:25 IST" duration-ms="1864" status="PASS">
          <params>
            <param index="0">
              <value>
                <![CDATA[Naveen]]>
              </value>
            </param>
            <param index="1">
              <value>
                <![CDATA[naveen.selenium@mailinator.com]]>
              </value>
            </param>
          </params>
          <reporter-output>
          </reporter-output>
        </test-method> <!-- getLoginPage -->
        <test-method is-config="true" signature="CloseBrowser()[pri:0, instance:TestCasesPackage.HomePage@59fd97a8]" started-at="2023-02-27T17:45:25 IST" name="CloseBrowser" finished-at="2023-02-27T17:45:25 IST" duration-ms="162" status="PASS">
          <reporter-output>
          </reporter-output>
        </test-method> <!-- CloseBrowser -->
      </class> <!-- TestCasesPackage.HomePage -->
    </test> <!-- Test -->
  </suite> <!-- Suite -->
</testng-results>
